2025-04-21 22:29:04,098 - INFO - Intraday database initialized successfully
2025-04-21 22:29:04,099 - INFO - Starting intraday screener
2025-04-21 22:29:04,099 - INFO - Processing RELIANCE for intraday setups
2025-04-21 22:29:04,101 - INFO - Processing TCS for intraday setups
2025-04-21 22:29:04,102 - INFO - Processing HDFCBANK for intraday setups
2025-04-21 22:29:04,102 - INFO - Processing INFY for intraday setups
2025-04-21 22:29:04,103 - INFO - Processing HINDUNILVR for intraday setups
2025-04-21 22:29:04,103 - INFO - Processing ICICIBANK for intraday setups
2025-04-21 22:29:04,104 - INFO - Processing SBIN for intraday setups
2025-04-21 22:29:04,105 - INFO - Processing BHARTIARTL for intraday setups
2025-04-21 22:29:04,106 - INFO - Processing KOTAKBANK for intraday setups
2025-04-21 22:29:04,107 - INFO - Processing ITC for intraday setups
2025-04-21 22:29:07,442 - ERROR - Error getting market data: single positional indexer is out-of-bounds
2025-04-21 22:29:07,529 - ERROR - Error getting market data: single positional indexer is out-of-bounds
2025-04-21 22:29:07,539 - ERROR - Error getting market data: single positional indexer is out-of-bounds
2025-04-21 22:29:07,544 - ERROR - Error processing ICICIBANK: 'numpy.float64' object has no attribute 'shift'
2025-04-21 22:29:07,555 - INFO - Processing HDFC for intraday setups
2025-04-21 22:29:07,569 - INFO - Processing LT for intraday setups
2025-04-21 22:29:07,578 - ERROR - Error getting market data: single positional indexer is out-of-bounds
2025-04-21 22:29:07,594 - ERROR - Error getting market data: single positional indexer is out-of-bounds
2025-04-21 22:29:07,619 - ERROR - Error getting market data: single positional indexer is out-of-bounds
2025-04-21 22:29:07,636 - ERROR - Error getting market data: single positional indexer is out-of-bounds
2025-04-21 22:29:07,661 - ERROR - Error getting market data: single positional indexer is out-of-bounds
2025-04-21 22:29:07,675 - ERROR - Error getting market data: single positional indexer is out-of-bounds
2025-04-21 22:29:07,809 - ERROR - Error creating chart for RELIANCE: string indices must be integers
2025-04-21 22:29:07,833 - INFO - Processing AXISBANK for intraday setups
2025-04-21 22:29:07,845 - ERROR - Error processing BHARTIARTL: 'numpy.float64' object has no attribute 'shift'
2025-04-21 22:29:07,865 - ERROR - Error processing ITC: 'numpy.float64' object has no attribute 'shift'
2025-04-21 22:29:08,000 - ERROR - Error creating chart for HINDUNILVR: string indices must be integers
2025-04-21 22:29:08,033 - INFO - Processing ASIANPAINT for intraday setups
2025-04-21 22:29:08,044 - INFO - Processing MARUTI for intraday setups
2025-04-21 22:29:08,220 - ERROR - Error creating chart for SBIN: string indices must be integers
2025-04-21 22:29:08,221 - INFO - Processing BAJFINANCE for intraday setups
2025-04-21 22:29:08,221 - INFO - Processing WIPRO for intraday setups
2025-04-21 22:29:08,222 - INFO - Processing HCLTECH for intraday setups
2025-04-21 22:29:08,224 - INFO - Processing TITAN for intraday setups
2025-04-21 22:29:12,004 - ERROR - Error getting market data: single positional indexer is out-of-bounds
2025-04-21 22:29:12,012 - INFO - Processing SUNPHARMA for intraday setups
2025-04-21 22:29:12,020 - ERROR - Error getting market data: single positional indexer is out-of-bounds
2025-04-21 22:29:12,054 - INFO - Processing TATASTEEL for intraday setups
2025-04-21 22:29:14,360 - ERROR - $HDFC.NS: possibly delisted; no price data found  (period=60d) (Yahoo error = "No data found, symbol may be delisted")
2025-04-21 22:29:14,361 - INFO - Processing INDIGO for intraday setups
2025-04-21 22:29:14,386 - ERROR - Error getting market data: single positional indexer is out-of-bounds
2025-04-21 22:29:14,458 - ERROR - Error getting market data: single positional indexer is out-of-bounds
2025-04-21 22:29:14,473 - INFO - Processing BIOCON for intraday setups
2025-04-21 22:29:14,599 - ERROR - Error getting market data: single positional indexer is out-of-bounds
2025-04-21 22:29:14,638 - ERROR - Error getting market data: single positional indexer is out-of-bounds
2025-04-21 22:29:14,663 - ERROR - Error getting market data: single positional indexer is out-of-bounds
2025-04-21 22:29:14,665 - ERROR - Error processing ASIANPAINT: 'numpy.float64' object has no attribute 'shift'
2025-04-21 22:29:14,730 - INFO - Processing APOLLOHOSP for intraday setups
2025-04-21 22:29:14,783 - ERROR - Error getting market data: single positional indexer is out-of-bounds
2025-04-21 22:29:14,809 - ERROR - Error getting market data: single positional indexer is out-of-bounds
2025-04-21 22:29:14,810 - INFO - Processing AUROPHARMA for intraday setups
2025-04-21 22:29:15,645 - ERROR - Error creating chart for BAJFINANCE: string indices must be integers
2025-04-21 22:29:15,695 - ERROR - Error getting market data: single positional indexer is out-of-bounds
2025-04-21 22:29:15,911 - INFO - Processing HDFCAMC for intraday setups
2025-04-21 22:29:15,939 - ERROR - Error creating chart for MARUTI: string indices must be integers
2025-04-21 22:29:16,011 - INFO - Processing MPHASIS for intraday setups
2025-04-21 22:29:16,055 - INFO - Processing PIIND for intraday setups
2025-04-21 22:29:16,090 - ERROR - Error creating chart for TITAN: string indices must be integers
2025-04-21 22:29:16,163 - ERROR - Error creating chart for WIPRO: string indices must be integers
2025-04-21 22:29:16,164 - INFO - Processing HAVELLS for intraday setups
2025-04-21 22:29:16,268 - INFO - Processing BERGEPAINT for intraday setups
2025-04-21 22:29:16,289 - ERROR - Error getting market data: single positional indexer is out-of-bounds
2025-04-21 22:29:16,303 - ERROR - Error getting market data: single positional indexer is out-of-bounds
2025-04-21 22:29:16,364 - INFO - Processing TORNTPHARM for intraday setups
2025-04-21 22:29:16,377 - ERROR - Error getting market data: single positional indexer is out-of-bounds
2025-04-21 22:29:16,379 - INFO - Processing PEL for intraday setups
2025-04-21 22:29:16,405 - INFO - Processing TATAPOWER for intraday setups
2025-04-21 22:29:16,438 - ERROR - Error getting market data: single positional indexer is out-of-bounds
2025-04-21 22:29:16,460 - ERROR - Error processing APOLLOHOSP: 'numpy.float64' object has no attribute 'shift'
2025-04-21 22:29:16,460 - INFO - Processing DABUR for intraday setups
2025-04-21 22:29:16,767 - ERROR - Error getting market data: single positional indexer is out-of-bounds
2025-04-21 22:29:16,843 - INFO - Processing MUTHOOTFIN for intraday setups
2025-04-21 22:29:17,337 - ERROR - Error getting market data: single positional indexer is out-of-bounds
2025-04-21 22:29:17,356 - INFO - Processing LUPIN for intraday setups
2025-04-21 22:29:17,494 - ERROR - Error getting market data: single positional indexer is out-of-bounds
2025-04-21 22:29:17,502 - ERROR - Error getting market data: single positional indexer is out-of-bounds
2025-04-21 22:29:17,504 - INFO - Processing BANDHANBNK for intraday setups
2025-04-21 22:29:17,527 - INFO - Processing GODREJCP for intraday setups
2025-04-21 22:29:17,541 - ERROR - Error getting market data: single positional indexer is out-of-bounds
2025-04-21 22:29:17,625 - ERROR - Error getting market data: single positional indexer is out-of-bounds
2025-04-21 22:29:17,746 - ERROR - Error getting market data: single positional indexer is out-of-bounds
2025-04-21 22:29:18,048 - ERROR - Error getting market data: single positional indexer is out-of-bounds
2025-04-21 22:29:18,113 - INFO - Processing AMBUJACEM for intraday setups
2025-04-21 22:29:18,333 - ERROR - Error getting market data: single positional indexer is out-of-bounds
2025-04-21 22:29:18,452 - ERROR - Error getting market data: single positional indexer is out-of-bounds
2025-04-21 22:29:18,459 - INFO - Processing CADILAHC for intraday setups
2025-04-21 22:29:18,466 - ERROR - Error creating chart for PIIND: string indices must be integers
2025-04-21 22:29:18,506 - ERROR - Error getting market data: single positional indexer is out-of-bounds
2025-04-21 22:29:18,639 - INFO - Processing BOSCHLTD for intraday setups
2025-04-21 22:29:18,678 - INFO - Processing SIEMENS for intraday setups
2025-04-21 22:29:18,694 - ERROR - Error creating chart for PEL: string indices must be integers
2025-04-21 22:29:18,802 - ERROR - Error creating chart for HAVELLS: string indices must be integers
2025-04-21 22:29:18,802 - INFO - Processing IRCTC for intraday setups
2025-04-21 22:29:18,869 - INFO - Processing CHAMBLFERT for intraday setups
2025-04-21 22:29:18,903 - ERROR - Error creating chart for TATAPOWER: string indices must be integers
2025-04-21 22:29:18,905 - INFO - Processing GRANULES for intraday setups
2025-04-21 22:29:20,106 - ERROR - Error getting market data: single positional indexer is out-of-bounds
2025-04-21 22:29:20,108 - INFO - Processing CANBK for intraday setups
2025-04-21 22:29:20,148 - ERROR - Error getting market data: single positional indexer is out-of-bounds
2025-04-21 22:29:20,156 - INFO - Processing NATIONALUM for intraday setups
2025-04-21 22:29:20,176 - ERROR - Error getting market data: single positional indexer is out-of-bounds
2025-04-21 22:29:20,194 - INFO - Processing SAIL for intraday setups
2025-04-21 22:29:20,286 - ERROR - Error getting market data: single positional indexer is out-of-bounds
2025-04-21 22:29:20,288 - INFO - Processing PNB for intraday setups
2025-04-21 22:29:22,560 - ERROR - $CADILAHC.NS: possibly delisted; no price data found  (period=60d) (Yahoo error = "No data found, symbol may be delisted")
2025-04-21 22:29:22,576 - ERROR - Error getting market data: single positional indexer is out-of-bounds
2025-04-21 22:29:22,577 - INFO - Processing RVNL for intraday setups
2025-04-21 22:29:22,723 - ERROR - Error getting market data: single positional indexer is out-of-bounds
2025-04-21 22:29:22,818 - ERROR - Error getting market data: single positional indexer is out-of-bounds
2025-04-21 22:29:22,827 - ERROR - Error getting market data: single positional indexer is out-of-bounds
2025-04-21 22:29:22,874 - ERROR - Error getting market data: single positional indexer is out-of-bounds
2025-04-21 22:29:22,889 - ERROR - Error getting market data: single positional indexer is out-of-bounds
2025-04-21 22:29:22,896 - ERROR - Error getting market data: single positional indexer is out-of-bounds
2025-04-21 22:29:22,920 - INFO - Processing CEATLTD for intraday setups
2025-04-21 22:29:22,965 - ERROR - Error getting market data: single positional indexer is out-of-bounds
2025-04-21 22:29:23,125 - ERROR - Error getting market data: single positional indexer is out-of-bounds
2025-04-21 22:29:23,164 - INFO - Processing HINDCOPPER for intraday setups
2025-04-21 22:29:23,253 - INFO - Processing GMRINFRA for intraday setups
2025-04-21 22:29:23,785 - ERROR - Error creating chart for CANBK: string indices must be integers
2025-04-21 22:29:23,850 - ERROR - Error creating chart for IRCTC: string indices must be integers
2025-04-21 22:29:24,083 - INFO - Processing BANKBARODA for intraday setups
2025-04-21 22:29:24,128 - INFO - Processing FEDERALBNK for intraday setups
2025-04-21 22:29:24,158 - ERROR - Error creating chart for BOSCHLTD: string indices must be integers
2025-04-21 22:29:24,336 - ERROR - Error creating chart for PNB: string indices must be integers
2025-04-21 22:29:24,347 - ERROR - Error creating chart for CHAMBLFERT: string indices must be integers
2025-04-21 22:29:24,323 - ERROR - Error creating chart for SAIL: string indices must be integers
2025-04-21 22:29:24,350 - INFO - Processing ASHOKLEY for intraday setups
2025-04-21 22:29:24,350 - INFO - Processing ABFRL for intraday setups
2025-04-21 22:29:24,351 - INFO - Processing TATACHEM for intraday setups
2025-04-21 22:29:24,351 - INFO - Processing ADANIPOWER for intraday setups
2025-04-21 22:29:25,858 - ERROR - Error getting market data: single positional indexer is out-of-bounds
2025-04-21 22:29:26,163 - ERROR - Error creating chart for CEATLTD: string indices must be integers
2025-04-21 22:29:26,164 - INFO - Processing MANAPPURAM for intraday setups
2025-04-21 22:29:27,517 - ERROR - $GMRINFRA.NS: possibly delisted; no price data found  (period=60d) (Yahoo error = "No data found, symbol may be delisted")
2025-04-21 22:29:27,519 - INFO - Processing NMDC for intraday setups
2025-04-21 22:29:27,556 - ERROR - Error getting market data: single positional indexer is out-of-bounds
2025-04-21 22:29:27,972 - ERROR - Error getting market data: single positional indexer is out-of-bounds
2025-04-21 22:29:28,120 - ERROR - Error getting market data: single positional indexer is out-of-bounds
2025-04-21 22:29:28,139 - INFO - Processing IDFC for intraday setups
2025-04-21 22:29:28,198 - ERROR - Error getting market data: single positional indexer is out-of-bounds
2025-04-21 22:29:28,259 - INFO - Processing EXIDEIND for intraday setups
2025-04-21 22:29:28,311 - ERROR - Error getting market data: single positional indexer is out-of-bounds
2025-04-21 22:29:28,519 - ERROR - Error creating chart for RVNL: string indices must be integers
2025-04-21 22:29:28,523 - INFO - Processing JINDALSAW for intraday setups
2025-04-21 22:29:28,997 - ERROR - Error creating chart for ADANIPOWER: string indices must be integers
2025-04-21 22:29:29,028 - ERROR - Error creating chart for ABFRL: string indices must be integers
2025-04-21 22:29:29,900 - ERROR - Error getting market data: single positional indexer is out-of-bounds
2025-04-21 22:29:29,991 - ERROR - $IDFC.NS: possibly delisted; no price data found  (period=60d) (Yahoo error = "No data found, symbol may be delisted")
2025-04-21 22:29:30,019 - ERROR - Error getting market data: single positional indexer is out-of-bounds
2025-04-21 22:29:30,198 - ERROR - Error creating chart for ASHOKLEY: string indices must be integers
2025-04-21 22:29:30,212 - ERROR - Error getting market data: single positional indexer is out-of-bounds
2025-04-21 22:29:30,228 - ERROR - Error getting market data: single positional indexer is out-of-bounds
2025-04-21 22:29:30,231 - ERROR - Error processing TATACHEM: 'numpy.float64' object has no attribute 'shift'
2025-04-21 22:29:30,244 - ERROR - Error getting market data: single positional indexer is out-of-bounds
2025-04-21 22:29:30,394 - ERROR - Error creating chart for NMDC: string indices must be integers
2025-04-21 22:29:30,736 - ERROR - Error getting market data: single positional indexer is out-of-bounds
2025-04-21 22:29:30,885 - ERROR - Error getting market data: single positional indexer is out-of-bounds
2025-04-21 22:29:31,030 - ERROR - Error creating chart for EXIDEIND: string indices must be integers
2025-04-21 22:29:32,732 - INFO - Saved 26 intraday setups to database
2025-04-21 22:29:33,099 - ERROR - Error getting market data: single positional indexer is out-of-bounds
2025-04-21 22:29:33,102 - INFO - Generated report saved to /home/zero/trading/intraday_output/intraday_setups_20250422.html
